app/proguard-rules.pro
# Event Bus
-keepattributes *Annotation*

# Firebase Realtime Database
-keepattributes Signature
-keepclassmembers class by.klnvch.link5dots.models.** {
  *;
}

# Guava
-dontwarn java.lang.ClassValue
-dontwarn afu.org.checkerframework.**
-dontwarn com.google.errorprone.annotations.**
-dontwarn org.checkerframework.**

###################################################################################################
# Retrofit
###################################################################################################
# https://github.com/square/retrofit/blob/master/retrofit/src/main/resources/META-INF/proguard/retrofit2.pro
# Retrofit does reflection on generic parameters. InnerClasses is required to use Signature and
# EnclosingMethod is required to use InnerClasses.
-keepattributes Signature, InnerClasses, EnclosingMethod
# Retrofit does reflection on method and parameter annotations.
-keepattributes RuntimeVisibleAnnotations, RuntimeVisibleParameterAnnotations
# Retain service method parameters when optimizing.
-keepclassmembers,allowshrinking,allowobfuscation interface * {
    @retrofit2.http.* <methods>;
}
# Ignore annotation used for build tooling.
-dontwarn org.codehaus.mojo.animal_sniffer.IgnoreJRERequirement
# Ignore JSR 305 annotations for embedding nullability information.
-dontwarn javax.annotation.**
# Guarded by a NoClassDefFoundError try/catch and only used when on the classpath.
-dontwarn kotlin.Unit
# Top-level functions that can only be used by Kotlin.
-dontwarn retrofit2.KotlinExtensions
# With R8 full mode, it sees no subtypes of Retrofit interfaces since they are created with a Proxy
# and replaces all potential values with null. Explicitly keeping the interfaces prevents this.
-if interface * { @retrofit2.http.* <methods>; }
-keep,allowobfuscation interface <1>

###################################################################################################
# OkHttp
###################################################################################################
# https://github.com/square/okhttp/blob/master/okhttp/src/main/resources/META-INF/proguard/okhttp3.pro
# JSR 305 annotations are for embedding nullability information.
-dontwarn javax.annotation.**
# A resource is loaded with a relative path so the package of this class must be preserved.
-keepnames class okhttp3.internal.publicsuffix.PublicSuffixDatabase
# Animal Sniffer compileOnly dependency to ensure APIs are compatible with older versions of Java.
-dontwarn org.codehaus.mojo.animal_sniffer.*
# OkHttp platform used only on JVM and when Conscrypt dependency is available.
-dontwarn okhttp3.internal.platform.ConscryptPlatform

# Crashlytics
-keepattributes *Annotation*
-keepattributes SourceFile,LineNumberTable
-keep public class * extends java.lang.Exception
-keep class com.crashlytics.** { *; }
-dontwarn com.crashlytics.**