app/build/outputs/mapping/release/seeds.txt
by.klnvch.link5dots.GameView
by.klnvch.link5dots.GameView: GameView(android.content.Context)
by.klnvch.link5dots.GameView: GameView(android.content.Context,android.util.AttributeSet)
by.klnvch.link5dots.GameView: GameView(android.content.Context,android.util.AttributeSet,int)
by.klnvch.link5dots.GameView: void setOnGameEventListener(by.klnvch.link5dots.GameView$OnGameEventListener)
by.klnvch.link5dots.GameView: by.klnvch.link5dots.Offset[][] getPointerToNet()
by.klnvch.link5dots.GameView: void setOpponentDot(by.klnvch.link5dots.Offset)
by.klnvch.link5dots.HowToActivity
by.klnvch.link5dots.HowToActivity: HowToActivity()
by.klnvch.link5dots.InfoActivity
by.klnvch.link5dots.InfoActivity: InfoActivity()
by.klnvch.link5dots.MainActivity
by.klnvch.link5dots.MainActivity: MainActivity()
by.klnvch.link5dots.MainMenuActivity
by.klnvch.link5dots.MainMenuActivity: MainMenuActivity()
by.klnvch.link5dots.MainMenuActivity: void onClick(android.view.View)
by.klnvch.link5dots.MyApplication
by.klnvch.link5dots.MyApplication: MyApplication()
by.klnvch.link5dots.R$attr: int adSize
by.klnvch.link5dots.R$attr: int adSizes
by.klnvch.link5dots.R$attr: int adUnitId
by.klnvch.link5dots.R$attr: int circleCrop
by.klnvch.link5dots.R$attr: int imageAspectRatio
by.klnvch.link5dots.R$attr: int imageAspectRatioAdjust
by.klnvch.link5dots.R$color: int black
by.klnvch.link5dots.R$color: int common_action_bar_splitter
by.klnvch.link5dots.R$color: int common_signin_btn_dark_text_default
by.klnvch.link5dots.R$color: int common_signin_btn_dark_text_disabled
by.klnvch.link5dots.R$color: int common_signin_btn_dark_text_focused
by.klnvch.link5dots.R$color: int common_signin_btn_dark_text_pressed
by.klnvch.link5dots.R$color: int common_signin_btn_default_background
by.klnvch.link5dots.R$color: int common_signin_btn_light_text_default
by.klnvch.link5dots.R$color: int common_signin_btn_light_text_disabled
by.klnvch.link5dots.R$color: int common_signin_btn_light_text_focused
by.klnvch.link5dots.R$color: int common_signin_btn_light_text_pressed
by.klnvch.link5dots.R$color: int common_signin_btn_text_dark
by.klnvch.link5dots.R$color: int common_signin_btn_text_light
by.klnvch.link5dots.R$color: int custom_color
by.klnvch.link5dots.R$dimen: int bt_text_size
by.klnvch.link5dots.R$dimen: int btn_corner_radius
by.klnvch.link5dots.R$dimen: int btn_inset
by.klnvch.link5dots.R$dimen: int btn_padding_horizontal
by.klnvch.link5dots.R$dimen: int btn_padding_vertical
by.klnvch.link5dots.R$dimen: int btn_table_padding
by.klnvch.link5dots.R$dimen: int btn_text_size
by.klnvch.link5dots.R$dimen: int plus_one_button_margin
by.klnvch.link5dots.R$dimen: int separator_width
by.klnvch.link5dots.R$dimen: int text_size_help_content
...
com.google.android.gms.ads.R$drawable: int common_full_open_on_phone
com.google.android.gms.ads.R$drawable: int common_ic_googleplayservices
com.google.android.gms.ads.R$drawable: int common_signin_btn_icon_dark
com.google.android.gms.ads.R$drawable: int common_signin_btn_icon_disabled_dark
com.google.android.gms.ads.R$drawable: int common_signin_btn_icon_disabled_focus_dark
com.google.android.gms.ads.R$drawable: int common_signin_btn_icon_disabled_focus_light
com.google.android.gms.ads.R$drawable: int common_signin_btn_icon_disabled_light
com.google.android.gms.ads.R$drawable: int common_signin_btn_icon_focus_dark
com.google.android.gms.ads.R$drawable: int common_signin_btn_icon_focus_light
com.google.android.gms.ads.R$drawable: int common_signin_btn_icon_light
com.google.android.gms.ads.R$drawable: int common_signin_btn_icon_normal_dark
com.google.android.gms.ads.R$drawable: int common_signin_btn_icon_normal_light
com.google.android.gms.ads.R$drawable: int common_signin_btn_icon_pressed_dark
com.google.android.gms.ads.R$drawable: int common_signin_btn_icon_pressed_light
com.google.android.gms.ads.R$drawable: int common_signin_btn_text_dark
com.google.android.gms.ads.R$drawable: int common_signin_btn_text_disabled_dark
com.google.android.gms.ads.R$drawable: int common_signin_btn_text_disabled_focus_dark
com.google.android.gms.ads.R$drawable: int common_signin_btn_text_disabled_focus_light
com.google.android.gms.ads.R$drawable: int common_signin_btn_text_disabled_light
com.google.android.gms.ads.R$id: int adjust_height
com.google.android.gms.ads.R$id: int adjust_width
com.google.android.gms.ads.R$id: int none
com.google.android.gms.ads.R$integer: int google_play_services_version
com.google.android.gms.ads.R$raw: int gtm_analytics
com.google.android.gms.ads.R$string: int accept
com.google.android.gms.ads.R$string: int common_android_wear_notification_needs_update_text
com.google.android.gms.ads.R$string: int common_android_wear_update_text
com.google.android.gms.ads.R$string: int common_android_wear_update_title
com.google.android.gms.ads.R$string: int common_google_play_services_enable_button
com.google.android.gms.ads.R$string: int common_google_play_services_enable_text
com.google.android.gms.ads.R$string: int common_google_play_services_enable_title
com.google.android.gms.ads.R$string: int common_google_play_services_error_notification_requested_by_msg
com.google.android.gms.ads.R$string: int common_google_play_services_install_button
com.google.android.gms.ads.R$string: int common_google_play_services_install_text_phone
com.google.android.gms.ads.R$string: int common_google_play_services_install_text_tablet
com.google.android.gms.ads.R$string: int common_google_play_services_install_title
com.google.android.gms.ads.R$string: int common_google_play_services_invalid_account_text
com.google.android.gms.ads.R$string: int common_google_play_services_invalid_account_title
com.google.android.gms.ads.R$string: int common_google_play_services_needs_enabling_title
com.google.android.gms.ads.R$string: int common_google_play_services_network_error_text
com.google.android.gms.ads.R$string: int common_google_play_services_network_error_title
com.google.android.gms.ads.R$style: int Theme_IAPTheme
com.google.android.gms.ads.R$styleable: int[] AdsAttrs
com.google.android.gms.ads.R$styleable: int AdsAttrs_adSize
com.google.android.gms.ads.R$styleable: int AdsAttrs_adSizes
com.google.android.gms.ads.R$styleable: int AdsAttrs_adUnitId
com.google.android.gms.ads.R$styleable: int[] LoadingImageView
com.google.android.gms.ads.R$styleable: int LoadingImageView_circleCrop
com.google.android.gms.ads.R$styleable: int LoadingImageView_imageAspectRatio
com.google.android.gms.ads.R$styleable: int LoadingImageView_imageAspectRatioAdjust