app/build/outputs/mapping/release/mapping.txt
by.klnvch.link5dots.Bot -> by.klnvch.link5dots.a:
    by.klnvch.link5dots.Offset[][] net -> a
    int n -> b
    int m -> c
    int[][] net1 -> d
    int[][] net2 -> e
    int[][] masks -> f
    by.klnvch.link5dots.Offset findAnswer() -> a
    float getDotRate(by.klnvch.link5dots.Offset,int) -> a
    int getDensity(int,int) -> a
    boolean isInBound(int,int) -> b
    float getDotRateInLine(by.klnvch.link5dots.Offset,int,int,int) -> a
    float checkMasks(int[],int) -> a
    boolean checkMasks(int[],int[],int) -> a
    java.lang.String toString() -> toString
by.klnvch.link5dots.Game -> by.klnvch.link5dots.b:
    int n -> b
    int m -> c
    by.klnvch.link5dots.Offset[][] net -> a
    by.klnvch.link5dots.HighScore currentScore -> d
    java.util.ArrayList winningLine -> e
    int movesDone -> f
    long startTime -> g
    void restore(android.content.SharedPreferences) -> a
    void save(android.content.SharedPreferences) -> b
    void reset() -> a
    void prepareScore() -> f
    boolean setDot(int,int,int) -> a
    int getNumberOfMoves() -> g
    boolean isInBound(int,int) -> a
    java.util.ArrayList getDotsNumber(by.klnvch.link5dots.Offset,int,int) -> a
    java.util.ArrayList isOver() -> b
    void undo() -> c
    by.klnvch.link5dots.HighScore getCurrentScore() -> d
    by.klnvch.link5dots.Offset getLastDot() -> e
    java.lang.String toString() -> toString
by.klnvch.link5dots.GameView -> by.klnvch.link5dots.GameView:
    android.graphics.PointF basePoint -> a
    float w -> b
    float h -> c
    float scale -> d
    float minScale -> e
    float maxScale -> f
    android.graphics.Matrix matrix -> g
    boolean hideArrows -> h
    float[] arr1 -> i
    android.graphics.Bitmap background -> j
    android.graphics.Bitmap userDot -> k
    android.graphics.Bitmap botDot -> l
    android.graphics.Bitmap userHorLine -> m
    android.graphics.Bitmap userVerLine -> n
    android.graphics.Bitmap userDiagonal1Line -> o
    android.graphics.Bitmap userDiagonal2Line -> p
    android.graphics.Bitmap botHorLine -> q
    android.graphics.Bitmap botVerLine -> r
    android.graphics.Bitmap botDiagonal1Line -> s
    android.graphics.Bitmap botDiagonal2Line -> t
    android.graphics.Bitmap arrows -> u
    float dotSize -> v
    float arrowsSize -> w
    float paperSize -> x
    float lineLength -> y
    float lineThickness -> z
    android.view.GestureDetector gestureDetector -> A
    android.view.ScaleGestureDetector scaleGestureDetector -> B
    by.klnvch.link5dots.Game game -> C
    by.klnvch.link5dots.GameView$OnGameEventListener listener -> D
    android.graphics.Bitmap scaledBotDot -> E
    android.graphics.Bitmap scaledUserDot -> F
    android.graphics.Bitmap newline -> G
    android.graphics.Bitmap scaledArrow -> H
    void initGameView(android.content.Context) -> a
by.klnvch.link5dots.GameView$1 -> by.klnvch.link5dots.c:
by.klnvch.link5dots.GameView$GestureListener -> by.klnvch.link5dots.d:
    by.klnvch.link5dots.GameView this$0 -> a
    boolean onDown(android.view.MotionEvent) -> onDown
    boolean onScroll(android.view.MotionEvent,android.view.MotionEvent,float,float) -> onScroll
    boolean onSingleTapConfirmed(android.view.MotionEvent) -> onSingleTapConfirmed
by.klnvch.link5dots.GameView$OnGameEventListener -> by.klnvch.link5dots.e:
    void onUserMoveDone(by.klnvch.link5dots.Offset) -> a
    void onGameEnd(by.klnvch.link5dots.HighScore) -> a
by.klnvch.link5dots.GameView$ScaleListener -> by.klnvch.link5dots.f:
    by.klnvch.link5dots.GameView this$0 -> a
    boolean onScale(android.view.ScaleGestureDetector) -> onScale
...
com.google.android.gms.plus.internal.model.people.zzc -> com.google.android.gms.plus.internal.model.people.c:
    com.google.android.gms.plus.internal.model.people.PersonEntity$CoverEntity zzeW(android.os.Parcel) -> a
    com.google.android.gms.plus.internal.model.people.PersonEntity$CoverEntity[] zzhp(int) -> a
    void zza(com.google.android.gms.plus.internal.model.people.PersonEntity$CoverEntity,android.os.Parcel,int) -> a
    java.lang.Object[] newArray(int) -> newArray
    java.lang.Object createFromParcel(android.os.Parcel) -> createFromParcel
com.google.android.gms.plus.internal.model.people.zzd -> com.google.android.gms.plus.internal.model.people.d:
    com.google.android.gms.plus.internal.model.people.PersonEntity$CoverEntity$CoverInfoEntity zzeX(android.os.Parcel) -> a
    com.google.android.gms.plus.internal.model.people.PersonEntity$CoverEntity$CoverInfoEntity[] zzhq(int) -> a
    void zza(com.google.android.gms.plus.internal.model.people.PersonEntity$CoverEntity$CoverInfoEntity,android.os.Parcel,int) -> a
    java.lang.Object[] newArray(int) -> newArray
    java.lang.Object createFromParcel(android.os.Parcel) -> createFromParcel
com.google.android.gms.plus.internal.model.people.zze -> com.google.android.gms.plus.internal.model.people.e:
    com.google.android.gms.plus.internal.model.people.PersonEntity$CoverEntity$CoverPhotoEntity zzeY(android.os.Parcel) -> a
    com.google.android.gms.plus.internal.model.people.PersonEntity$CoverEntity$CoverPhotoEntity[] zzhr(int) -> a
    void zza(com.google.android.gms.plus.internal.model.people.PersonEntity$CoverEntity$CoverPhotoEntity,android.os.Parcel,int) -> a
    java.lang.Object[] newArray(int) -> newArray
    java.lang.Object createFromParcel(android.os.Parcel) -> createFromParcel
com.google.android.gms.plus.internal.model.people.zzf -> com.google.android.gms.plus.internal.model.people.f:
    com.google.android.gms.plus.internal.model.people.PersonEntity$ImageEntity zzeZ(android.os.Parcel) -> a
    com.google.android.gms.plus.internal.model.people.PersonEntity$ImageEntity[] zzhs(int) -> a
    void zza(com.google.android.gms.plus.internal.model.people.PersonEntity$ImageEntity,android.os.Parcel,int) -> a
    java.lang.Object[] newArray(int) -> newArray
    java.lang.Object createFromParcel(android.os.Parcel) -> createFromParcel
com.google.android.gms.plus.internal.model.people.zzg -> com.google.android.gms.plus.internal.model.people.g:
    com.google.android.gms.plus.internal.model.people.PersonEntity$NameEntity zzfa(android.os.Parcel) -> a
    com.google.android.gms.plus.internal.model.people.PersonEntity$NameEntity[] zzht(int) -> a
    void zza(com.google.android.gms.plus.internal.model.people.PersonEntity$NameEntity,android.os.Parcel,int) -> a
    java.lang.Object[] newArray(int) -> newArray
    java.lang.Object createFromParcel(android.os.Parcel) -> createFromParcel
com.google.android.gms.plus.internal.model.people.zzh -> com.google.android.gms.plus.internal.model.people.h:
    com.google.android.gms.plus.internal.model.people.PersonEntity$OrganizationsEntity zzfb(android.os.Parcel) -> a
    com.google.android.gms.plus.internal.model.people.PersonEntity$OrganizationsEntity[] zzhu(int) -> a
    void zza(com.google.android.gms.plus.internal.model.people.PersonEntity$OrganizationsEntity,android.os.Parcel,int) -> a
    java.lang.Object[] newArray(int) -> newArray
    java.lang.Object createFromParcel(android.os.Parcel) -> createFromParcel