app/build/outputs/mapping/release/usage.txt
by.klnvch.link5dots.BuildConfig
by.klnvch.link5dots.Game:
    private static final java.lang.String START_TIME
    private static final java.lang.String MOVES_DONE
    private static final java.lang.String HIGH_SCORE
by.klnvch.link5dots.GameView:
    private static final int GRID_SIZE
by.klnvch.link5dots.HighScore:
    public static final long WON
    public static final long LOST
    public static final java.lang.String GAME_STATUS
    public static final java.lang.String NUMBER_OF_MOVES
    public static final java.lang.String ELAPSED_TIME
    private static final java.lang.String DEVICE_ID
    private static final java.lang.String USER_NAME
    private static final java.lang.String SCORE
    private static final long L_1
    private static final long L_2000
    private static final long L_4294
    private static final long L_967295
    private static final long L_1000000
by.klnvch.link5dots.InfoActivity:
    private static final int PLUS_ONE_REQUEST_CODE
    private static final java.lang.String URL
by.klnvch.link5dots.MainMenuActivity:
    private static final java.lang.String IS_BLUETOOTH_ENABLED
    private static final int REQUEST_ENABLE_BT
    private static final int CHOOSE_BT_DEVICE
by.klnvch.link5dots.Offset:
    public static final int EMPTY
    public static final int USER
    public static final int OPPONENT
    public static final java.lang.String THE_DOT
    43:43:public static java.lang.String toString(int,int)
by.klnvch.link5dots.R
by.klnvch.link5dots.R$attr
by.klnvch.link5dots.R$color
by.klnvch.link5dots.R$dimen
by.klnvch.link5dots.R$drawable
by.klnvch.link5dots.R$id
by.klnvch.link5dots.R$integer
by.klnvch.link5dots.R$layout
by.klnvch.link5dots.R$menu
by.klnvch.link5dots.R$raw
by.klnvch.link5dots.R$string
by.klnvch.link5dots.R$style
by.klnvch.link5dots.R$styleable
by.klnvch.link5dots.R$xml
by.klnvch.link5dots.ScoresActivity:
    private static final java.lang.String USER_NAME
    private static final java.lang.String IS_USER_NAME_CHANGED
    private static final java.lang.String IS_FIRST_RUN
by.klnvch.link5dots.bluetooth.AcceptThread:
    private static final java.lang.String TAG
by.klnvch.link5dots.bluetooth.BluetoothActivity:
    public static final int MESSAGE_STATE_CHANGE
    public static final int MESSAGE_READ
    public static final int MESSAGE_WRITE
    public static final int MESSAGE_TOAST
    public static final java.lang.String TOAST
    private static final java.lang.String MESSAGE_CLOSE_END_ACTIVITY
by.klnvch.link5dots.bluetooth.BluetoothService:
    public static final java.lang.String BLUETOOTH_GAME_VIEW_PREFERENCES
    public static final java.lang.String NAME_SECURE
    public static final int STATE_NONE
    public static final int STATE_LISTEN
    public static final int STATE_CONNECTING
    public static final int STATE_CONNECTED
by.klnvch.link5dots.bluetooth.ConnectThread:
    private static final java.lang.String TAG
by.klnvch.link5dots.bluetooth.ConnectedThread:
    private static final java.lang.String TAG
by.klnvch.link5dots.bluetooth.DevicePickerActivity:
    private static final int BT_REQUEST_DISCOVERABLE
    private static final java.lang.String BT_DISCOVERABLE_TIME_FINISH
    private static final int MESSAGE_STATE_CHANGE
    public static final int MESSAGE_DEVICE_NAME
    private static final int MESSAGE_TOAST
    public static final java.lang.String DEVICE_NAME
    public static final java.lang.String TOAST
...
com.google.android.gms.internal.zzhw
com.google.android.gms.internal.zzhx
com.google.android.gms.internal.zzhy:
    public static void zza(android.os.ParcelFileDescriptor)
com.google.android.gms.internal.zzhz:
    public static boolean zzd(java.lang.Object,java.lang.Object)
com.google.android.gms.internal.zzic:
    public static boolean zzne()
    public static boolean zznf()
    public static boolean zzng()
com.google.android.gms.internal.zzie
com.google.android.gms.internal.zzif
com.google.android.gms.internal.zzlj
com.google.android.gms.internal.zzlk
com.google.android.gms.internal.zzlk$zza
com.google.android.gms.internal.zzll
com.google.android.gms.internal.zzll$1
com.google.android.gms.internal.zzll$zza
com.google.android.gms.internal.zzlm
com.google.android.gms.internal.zzln
com.google.android.gms.internal.zzlo
com.google.android.gms.internal.zzlo$1
com.google.android.gms.internal.zzlo$2
com.google.android.gms.internal.zzlo$3
com.google.android.gms.internal.zzlo$4
com.google.android.gms.internal.zzlo$zza
com.google.android.gms.internal.zzlo$zza$1
com.google.android.gms.internal.zzlo$zzb
com.google.android.gms.internal.zzlo$zzc
com.google.android.gms.internal.zzlp
com.google.android.gms.internal.zzlp$1
com.google.android.gms.internal.zzlp$2
com.google.android.gms.internal.zzlp$3
com.google.android.gms.internal.zzlp$4
com.google.android.gms.internal.zzlp$5
com.google.android.gms.internal.zzlp$zza
com.google.android.gms.internal.zzlp$zza$1
com.google.android.gms.internal.zzmb$1:
    public com.google.android.gms.signin.internal.zzh zza(android.content.Context,android.os.Looper,com.google.android.gms.common.internal.zze,com.google.android.gms.internal.zzme,com.google.android.gms.common.api.GoogleApiClient$ConnectionCallbacks,com.google.android.gms.common.api.GoogleApiClient$OnConnectionFailedListener)
    public int getPriority()
    public bridge synthetic com.google.android.gms.common.api.Api$zza zza(android.content.Context,android.os.Looper,com.google.android.gms.common.internal.zze,java.lang.Object,com.google.android.gms.common.api.GoogleApiClient$ConnectionCallbacks,com.google.android.gms.common.api.GoogleApiClient$OnConnectionFailedListener)
com.google.android.gms.internal.zzmd
com.google.android.gms.internal.zzme:
    public boolean zzwf()
    public boolean zzwg()
    public java.lang.String zzvx()
    public com.google.android.gms.common.api.GoogleApiClient$ServerAuthCodeCallbacks zzwh()
com.google.android.gms.internal.zzme$zza:
    public com.google.android.gms.internal.zzme$zza zza(java.lang.String,com.google.android.gms.common.api.GoogleApiClient$ServerAuthCodeCallbacks)
    private java.lang.String zzds(java.lang.String)
com.google.android.gms.internal.zzmi
com.google.android.gms.internal.zzmi$zza
com.google.android.gms.internal.zzmq:
    public static com.google.android.gms.internal.zzmq$zzc zzb(com.google.android.gms.internal.zzc$zzf)
    private static com.google.android.gms.internal.zzd$zza zza(int,com.google.android.gms.internal.zzc$zzf,com.google.android.gms.internal.zzd$zza[],java.util.Set)
    private static com.google.android.gms.internal.zzc$zzh zzp(com.google.android.gms.internal.zzd$zza)
    private static void zzel(java.lang.String)
    private static java.lang.Object zza(java.lang.Object[],int,java.lang.String)
    private static com.google.android.gms.internal.zzmq$zza zza(com.google.android.gms.internal.zzc$zzb,com.google.android.gms.internal.zzc$zzf,com.google.android.gms.internal.zzd$zza[],int)
    private static com.google.android.gms.internal.zzmq$zze zza(com.google.android.gms.internal.zzc$zzg,java.util.List,java.util.List,java.util.List,com.google.android.gms.internal.zzc$zzf)
    public static void zzc(java.io.InputStream,java.io.OutputStream)
com.google.android.gms.internal.zznq